{"level":"info","message":"Server started","timestamp":"2025-05-01T06:53:39.426Z"}
{"level":"info","message":"Server started","timestamp":"2025-05-01T06:54:05.581Z"}
{"level":"info","message":"Server started","timestamp":"2025-05-01T06:54:06.812Z"}
{"level":"info","message":"Server started","timestamp":"2025-05-01T06:54:08.675Z"}
{"level":"info","message":"Server started","timestamp":"2025-05-01T06:54:10.466Z"}
{"level":"info","message":"Server runnin on port","timestamp":"2025-05-01T06:54:19.431Z"}
{"level":"info","message":"Server runnin on port","timestamp":"2025-05-01T06:54:21.153Z"}
{"level":"info","message":"Server runnin on port","timestamp":"2025-05-01T06:54:22.694Z"}
{"level":"info","message":"Server runnin on port","timestamp":"2025-05-01T06:54:27.021Z"}
{"level":"info","message":"Server runnin on port","timestamp":"2025-05-01T06:54:35.273Z"}
{"level":"info","message":"Server runnin on port","timestamp":"2025-05-01T06:54:40.929Z"}
{"level":"info","message":"Server runnin on port 2000","timestamp":"2025-05-01T06:55:02.912Z"}
{"level":"info","message":"Server runnin on port 2000","timestamp":"2025-05-01T06:57:07.770Z"}
{"level":"info","message":"Server runnin on port 2000","timestamp":"2025-05-01T07:02:34.465Z"}
{"level":"error","message":"Danggg: Database error","timestamp":"2025-05-01T07:04:35.009Z"}
{"level":"info","message":"Server running on port 2000","timestamp":"2025-05-01T07:04:35.010Z"}
{"level":"error","message":"Danggg! Database error","timestamp":"2025-05-01T07:05:11.907Z"}
{"level":"info","message":"Server running on port 2000","timestamp":"2025-05-01T07:05:11.908Z"}
{"level":"info","message":"Server running on port 2000","timestamp":"2025-05-01T07:05:27.899Z"}
{"level":"info","message":"Server running on port 2000","timestamp":"2025-05-01T07:05:30.254Z"}
{"level":"info","message":"Server running on port 2000","timestamp":"2025-05-01T07:05:43.266Z"}
{"level":"info","message":"Server running on port 2000","timestamp":"2025-05-01T07:05:44.772Z"}
{"level":"info","message":"Server running on port 2000","timestamp":"2025-05-01T07:05:47.078Z"}
{"level":"info","message":"Server running on port 2000","timestamp":"2025-05-01T07:05:57.399Z"}
{"level":"info","message":"Server running on port 2000","timestamp":"2025-05-01T07:05:59.918Z"}
{"level":"info","message":"Server running on port 2000","timestamp":"2025-05-01T07:06:02.440Z"}
{"level":"info","message":"Server running on port 2000","timestamp":"2025-05-01T07:06:12.165Z"}
{"level":"info","message":"Server running on port 2000","timestamp":"2025-05-01T07:06:19.362Z"}
{"level":"info","message":"Server running on port 2000","timestamp":"2025-05-01T07:06:21.677Z"}
{"level":"info","message":"Server running on port 2000","timestamp":"2025-05-01T07:08:31.305Z"}
{"level":"error","message":"Danggg: Super admin already exist","timestamp":"2025-05-01T07:09:17.352Z"}
{"level":"error","message":"Danggg: E11000 duplicate key error collection: e-navbat-n20.admins index: username_1 dup key: { username: \"Toshmat\" }","timestamp":"2025-05-01T07:09:17.403Z"}
{"level":"info","message":"Server running on port 2000","timestamp":"2025-05-01T08:25:54.625Z"}
